<?xml version="1.0" encoding="UTF-8"?>
<testng-results skipped="0" failed="0" ignored="0" total="4" passed="4">
  <reporter-output>
  </reporter-output>
  <suite name="Default suite" duration-ms="184" started-at="2020-06-11T03:52:06Z" finished-at="2020-06-11T03:52:06Z">
    <groups>
      <group name="Sanity Test">
        <method signature="NewTest.signInnButtonText()[pri:4, instance:com.jbk.NewTest@4232c52b]" name="signInnButtonText" class="com.jbk.NewTest"/>
      </group> <!-- Sanity Test -->
      <group name="Regression Test">
        <method signature="NewTest.SignInText()[pri:3, instance:com.jbk.NewTest@4232c52b]" name="SignInText" class="com.jbk.NewTest"/>
        <method signature="NewTest.verifyUrl()[pri:1, instance:com.jbk.NewTest@4232c52b]" name="verifyUrl" class="com.jbk.NewTest"/>
      </group> <!-- Regression Test -->
      <group name="Smoke Test">
        <method signature="NewTest.signInnButtonText()[pri:4, instance:com.jbk.NewTest@4232c52b]" name="signInnButtonText" class="com.jbk.NewTest"/>
        <method signature="NewTest.verifyTitle()[pri:2, instance:com.jbk.NewTest@4232c52b]" name="verifyTitle" class="com.jbk.NewTest"/>
        <method signature="NewTest.verifyUrl()[pri:1, instance:com.jbk.NewTest@4232c52b]" name="verifyUrl" class="com.jbk.NewTest"/>
      </group> <!-- Smoke Test -->
    </groups>
    <test name="Default test" duration-ms="184" started-at="2020-06-11T03:52:06Z" finished-at="2020-06-11T03:52:06Z">
      <class name="com.jbk.NewTest">
        <test-method status="PASS" signature="beforeSuite()[pri:0, instance:com.jbk.NewTest@4232c52b]" name="beforeSuite" is-config="true" duration-ms="4742" started-at="2020-06-11T03:52:01Z" finished-at="2020-06-11T03:52:06Z">
          <reporter-output>
          </reporter-output>
        </test-method> <!-- beforeSuite -->
        <test-method status="PASS" signature="verifyUrl()[pri:1, instance:com.jbk.NewTest@4232c52b]" name="verifyUrl" duration-ms="17" started-at="2020-06-11T03:52:06Z" finished-at="2020-06-11T03:52:06Z">
          <reporter-output>
          </reporter-output>
        </test-method> <!-- verifyUrl -->
        <test-method status="PASS" signature="verifyTitle()[pri:2, instance:com.jbk.NewTest@4232c52b]" name="verifyTitle" duration-ms="10" started-at="2020-06-11T03:52:06Z" finished-at="2020-06-11T03:52:06Z">
          <reporter-output>
          </reporter-output>
        </test-method> <!-- verifyTitle -->
        <test-method status="PASS" signature="SignInText()[pri:3, instance:com.jbk.NewTest@4232c52b]" name="SignInText" duration-ms="60" started-at="2020-06-11T03:52:06Z" finished-at="2020-06-11T03:52:06Z">
          <reporter-output>
          </reporter-output>
        </test-method> <!-- SignInText -->
        <test-method status="PASS" signature="signInnButtonText()[pri:4, instance:com.jbk.NewTest@4232c52b]" name="signInnButtonText" duration-ms="44" started-at="2020-06-11T03:52:06Z" finished-at="2020-06-11T03:52:06Z">
          <reporter-output>
          </reporter-output>
        </test-method> <!-- signInnButtonText -->
      </class> <!-- com.jbk.NewTest -->
    </test> <!-- Default test -->
  </suite> <!-- Default suite -->
</testng-results>
