<?xml version="1.0" encoding="UTF-8"?>
<!-- Generated by org.testng.reporters.JUnitXMLReporter -->
<testsuite hostname="Jayshrees-Air" ignored="3" name="Test" tests="1" failures="0" timestamp="10 Jun 2020 04:14:25 GMT" time="0.09" errors="0">
  <testcase name="SignInText" time="0.058" classname="com.jbk.NewTest"/>
  <testcase name="signInnButtonText" time="0.0" classname="com.jbk.NewTest">
    <ignored/>
  </testcase> <!-- signInnButtonText -->
  <testcase name="verifyTitle" time="0.0" classname="com.jbk.NewTest">
    <ignored/>
  </testcase> <!-- verifyTitle -->
  <testcase name="verifyUrl" time="0.0" classname="com.jbk.NewTest">
    <ignored/>
  </testcase> <!-- verifyUrl -->
</testsuite> <!-- Test -->
