<?xml version="1.0" encoding="UTF-8"?>
<!-- Generated by org.testng.reporters.JUnitXMLReporter -->
<testsuite hostname="Jayshrees-Air" ignored="0" name="Default test" tests="4" failures="0" timestamp="11 Jun 2020 03:52:06 GMT" time="0.184" errors="0">
  <testcase name="verifyUrl" time="0.017" classname="com.jbk.NewTest"/>
  <testcase name="verifyTitle" time="0.01" classname="com.jbk.NewTest"/>
  <testcase name="SignInText" time="0.06" classname="com.jbk.NewTest"/>
  <testcase name="signInnButtonText" time="0.044" classname="com.jbk.NewTest"/>
</testsuite> <!-- Default test -->
